Fri Dec 22 02:00:01 CET 2023
Starting
DELETE OLD ANSWERS LOGS FOR FOOTBALL
DELETE DONE
DELETE OLD NPFL ANSWERS LOGS FOR FOOTBALL
DELETE NPFL DONE
FOOTBALL DONE
npfl football
npfl football done
PICK ACTIVE USER FOR GOAL ALERTS
GOAL ALERT DONE
Finished
Sat Dec 23 02:00:02 CET 2023
Starting
DELETE OLD ANSWERS LOGS FOR FOOTBALL
DELETE DONE
DELETE OLD NPFL ANSWERS LOGS FOR FOOTBALL
DELETE NPFL DONE
FOOTBALL DONE
npfl football
npfl football done
PICK ACTIVE USER FOR GOAL ALERTS
GOAL ALERT DONE
Finished
Sun Dec 24 02:00:02 CET 2023
Starting
DELETE OLD ANSWERS LOGS FOR FOOTBALL
DELETE DONE
DELETE OLD NPFL ANSWERS LOGS FOR FOOTBALL
DELETE NPFL DONE
FOOTBALL DONE
npfl football
npfl football done
PICK ACTIVE USER FOR GOAL ALERTS
GOAL ALERT DONE
Finished
Mon Dec 25 02:00:01 CET 2023
Starting
DELETE OLD ANSWERS LOGS FOR FOOTBALL
DELETE DONE
DELETE OLD NPFL ANSWERS LOGS FOR FOOTBALL
DELETE NPFL DONE
FOOTBALL DONE
npfl football
npfl football done
PICK ACTIVE USER FOR GOAL ALERTS
GOAL ALERT DONE
Finished
Tue Dec 26 02:00:02 CET 2023
Starting
DELETE OLD ANSWERS LOGS FOR FOOTBALL
DELETE DONE
DELETE OLD NPFL ANSWERS LOGS FOR FOOTBALL
DELETE NPFL DONE
FOOTBALL DONE
npfl football
npfl football done
PICK ACTIVE USER FOR GOAL ALERTS
GOAL ALERT DONE
Finished
Thu Dec 28 02:00:03 CET 2023
Starting
DELETE OLD ANSWERS LOGS FOR FOOTBALL
DELETE DONE
DELETE OLD NPFL ANSWERS LOGS FOR FOOTBALL
DELETE NPFL DONE
FOOTBALL DONE
npfl football
npfl football done
PICK ACTIVE USER FOR GOAL ALERTS
GOAL ALERT DONE
Finished
Fri Dec 29 02:00:00 CET 2023
Starting
DELETE OLD ANSWERS LOGS FOR FOOTBALL
DELETE DONE
DELETE OLD NPFL ANSWERS LOGS FOR FOOTBALL
DELETE NPFL DONE
FOOTBALL DONE
npfl football
npfl football done
PICK ACTIVE USER FOR GOAL ALERTS
GOAL ALERT DONE
Finished
Sat Dec 30 02:00:00 CET 2023
Starting
DELETE OLD ANSWERS LOGS FOR FOOTBALL
DELETE DONE
DELETE OLD NPFL ANSWERS LOGS FOR FOOTBALL
DELETE NPFL DONE
FOOTBALL DONE
npfl football
npfl football done
PICK ACTIVE USER FOR GOAL ALERTS
GOAL ALERT DONE
Finished
Sun Dec 31 02:00:00 CET 2023
Starting
DELETE OLD ANSWERS LOGS FOR FOOTBALL
DELETE DONE
DELETE OLD NPFL ANSWERS LOGS FOR FOOTBALL
DELETE NPFL DONE
FOOTBALL DONE
npfl football
npfl football done
PICK ACTIVE USER FOR GOAL ALERTS
GOAL ALERT DONE
Finished
Mon Jan  1 02:00:00 CET 2024
Starting
DELETE OLD ANSWERS LOGS FOR FOOTBALL
DELETE DONE
DELETE OLD NPFL ANSWERS LOGS FOR FOOTBALL
DELETE NPFL DONE
FOOTBALL DONE
npfl football
npfl football done
PICK ACTIVE USER FOR GOAL ALERTS
GOAL ALERT DONE
Finished
Tue Jan  2 02:00:00 CET 2024
Starting
DELETE OLD ANSWERS LOGS FOR FOOTBALL
DELETE DONE
DELETE OLD NPFL ANSWERS LOGS FOR FOOTBALL
DELETE NPFL DONE
FOOTBALL DONE
npfl football
npfl football done
PICK ACTIVE USER FOR GOAL ALERTS
GOAL ALERT DONE
Finished
